<?xml version="1.0" encoding="UTF-8"?>
<!-- Generated by org.testng.reporters.JUnitReportReporter -->
<testsuite hostname="COACHAR" failures="0" tests="1" name="api.test.UserTests" time="4.107" errors="0" timestamp="2023-09-23T07:56:47 CDT" skipped="0">
  <testcase classname="api.test.UserTests" name="testPostUser" time="4.107"/>
  <system-out/>
</testsuite> <!-- api.test.UserTests -->
