<?xml version="1.0" encoding="UTF-8"?>
<!-- Generated by org.testng.reporters.JUnitReportReporter -->
<testsuite hostname="COACHAR" failures="0" tests="6" name="api.test.DDTests" time="6.562" errors="0" timestamp="2023-09-26T03:35:30 CDT" skipped="0">
  <testcase classname="api.test.DDTests" name="testPostuser" time="4.471"/>
  <system-out/>
  <testcase classname="api.test.DDTests" name="testPostuser" time="0.413"/>
  <system-out/>
  <testcase classname="api.test.DDTests" name="testPostuser" time="0.446"/>
  <system-out/>
  <testcase classname="api.test.DDTests" name="testDeleteUserByName" time="0.378"/>
  <system-out/>
  <testcase classname="api.test.DDTests" name="testDeleteUserByName" time="0.449"/>
  <system-out/>
  <testcase classname="api.test.DDTests" name="testDeleteUserByName" time="0.405"/>
  <system-out/>
</testsuite> <!-- api.test.DDTests -->
